build/outputs/logs/manifest-merger-release-report.txt
-- Merging decision tree log ---
manifest
ADDED from AndroidManifest.xml:2:1
	package
		ADDED from AndroidManifest.xml:3:5
	android:versionName
		ADDED from AndroidManifest.xml:5:5
	android:versionCode
		ADDED from AndroidManifest.xml:4:5
		INJECTED from AndroidManifest.xml:0:0
		INJECTED from AndroidManifest.xml:0:0
	xmlns:android
		ADDED from AndroidManifest.xml:2:11
uses-sdk
ADDED from AndroidManifest.xml:7:5
	android:targetSdkVersion
		ADDED from AndroidManifest.xml:9:9
	android:minSdkVersion
		ADDED from AndroidManifest.xml:8:9
uses-permission#android.permission.VIBRATE
ADDED from AndroidManifest.xml:11:5
	android:name
		ADDED from AndroidManifest.xml:11:22
uses-permission#android.permission.INTERNET
ADDED from AndroidManifest.xml:12:5
	android:name
		ADDED from AndroidManifest.xml:12:22
uses-permission#android.permission.RECORD_AUDIO
ADDED from AndroidManifest.xml:13:5
	android:name
		ADDED from AndroidManifest.xml:13:22
uses-permission#android.permission.CAMERA
ADDED from AndroidManifest.xml:14:5
	android:name
		ADDED from AndroidManifest.xml:14:22
uses-permission#android.permission.ACCESS_NETWORK_STATE
ADDED from AndroidManifest.xml:15:5
	android:name
		ADDED from AndroidManifest.xml:15:22
uses-permission#android.permission.WRITE_EXTERNAL_STORAGE
ADDED from AndroidManifest.xml:16:5
	android:name
		ADDED from AndroidManifest.xml:16:22
uses-permission#android.permission.MOUNT_UNMOUNT_FILESYSTEMS
ADDED from AndroidManifest.xml:17:5
	android:name
		ADDED from AndroidManifest.xml:17:22
uses-permission#android.permission.ACCESS_FINE_LOCATION
ADDED from AndroidManifest.xml:18:5
	android:name
		ADDED from AndroidManifest.xml:18:22
uses-permission#android.permission.GET_TASKS
ADDED from AndroidManifest.xml:19:5
	android:name
		ADDED from AndroidManifest.xml:19:22
uses-permission#android.permission.ACCESS_WIFI_STATE
ADDED from AndroidManifest.xml:20:5
	android:name
		ADDED from AndroidManifest.xml:20:22
uses-permission#android.permission.CHANGE_WIFI_STATE
ADDED from AndroidManifest.xml:21:5
	android:name
		ADDED from AndroidManifest.xml:21:22
uses-permission#android.permission.WAKE_LOCK
ADDED from AndroidManifest.xml:22:5
	android:name
		ADDED from AndroidManifest.xml:22:22
uses-permission#android.permission.MODIFY_AUDIO_SETTINGS
ADDED from AndroidManifest.xml:23:5
	android:name
		ADDED from AndroidManifest.xml:23:22
uses-permission#android.permission.READ_PHONE_STATE
ADDED from AndroidManifest.xml:24:5
	android:name
		ADDED from AndroidManifest.xml:24:22
uses-permission#android.permission.RECEIVE_BOOT_COMPLETED
ADDED from AndroidManifest.xml:25:5
	android:name
		ADDED from AndroidManifest.xml:25:22
uses-permission#android.permission.GET_ACCOUNTS
ADDED from AndroidManifest.xml:26:5
	android:name
		ADDED from AndroidManifest.xml:26:22
uses-permission#android.permission.USE_CREDENTIALS
ADDED from AndroidManifest.xml:27:5
	android:name
		ADDED from AndroidManifest.xml:27:22
uses-permission#android.permission.MANAGE_ACCOUNTS
ADDED from AndroidManifest.xml:28:5
	android:name
		ADDED from AndroidManifest.xml:28:22
uses-permission#android.permission.AUTHENTICATE_ACCOUNTS
ADDED from AndroidManifest.xml:29:5
	android:name
		ADDED from AndroidManifest.xml:29:22
uses-permission#com.android.launcher.permission.READ_SETTINGS
ADDED from AndroidManifest.xml:30:5
	android:name
		ADDED from AndroidManifest.xml:30:22
uses-permission#android.permission.BROADCAST_STICKY
ADDED from AndroidManifest.xml:31:5
	android:name
		ADDED from AndroidManifest.xml:31:22
uses-permission#android.permission.WRITE_SETTINGS
ADDED from AndroidManifest.xml:32:5
	android:name
		ADDED from AndroidManifest.xml:32:22
uses-permission#android.permission.CHANGE_CONFIGURATION
ADDED from AndroidManifest.xml:33:5
	android:name
		ADDED from AndroidManifest.xml:33:22
uses-permission#android.permission.READ_EXTERNAL_STORAGE
ADDED from AndroidManifest.xml:34:5
	android:name
		ADDED from AndroidManifest.xml:34:22
uses-permission#android.permission.READ_LOGS
ADDED from AndroidManifest.xml:35:5
	android:name
		ADDED from AndroidManifest.xml:35:22
uses-permission#android.permission.SEND_SMS
ADDED from AndroidManifest.xml:36:5
	android:name
		ADDED from AndroidManifest.xml:36:22
uses-permission#android.permission.CALL_PHONE
ADDED from AndroidManifest.xml:37:5
	android:name
		ADDED from AndroidManifest.xml:37:22
uses-permission#android.permission.READ_SMS
ADDED from AndroidManifest.xml:39:5
	android:name
		ADDED from AndroidManifest.xml:39:22
uses-permission#android.permission.WRITE_SMS
ADDED from AndroidManifest.xml:41:5
	android:name
		ADDED from AndroidManifest.xml:41:22
uses-permission#android.permission.RECEIVE_SMS
ADDED from AndroidManifest.xml:43:5
	android:name
		ADDED from AndroidManifest.xml:43:22
uses-permission#android.permission.CHANGE_NETWORK_STATE
ADDED from AndroidManifest.xml:44:5
	android:name
		ADDED from AndroidManifest.xml:44:22
uses-permission#android.permission.READ_CONTACTS
ADDED from AndroidManifest.xml:45:5
	android:name
		ADDED from AndroidManifest.xml:45:22
uses-permission#android.permission.CHANGE_WIFI_MULTICAST_STATE
ADDED from AndroidManifest.xml:46:5
	android:name
		ADDED from AndroidManifest.xml:46:22
uses-permission#android.permission.FLASHLIGHT
ADDED from AndroidManifest.xml:47:5
	android:name
		ADDED from AndroidManifest.xml:47:22
uses-feature#android.hardware.camera
ADDED from AndroidManifest.xml:49:5
	android:name
		ADDED from AndroidManifest.xml:49:19
uses-feature#android.hardware.camera.autofocus
ADDED from AndroidManifest.xml:50:5
	android:name
		ADDED from AndroidManifest.xml:50:19
application
ADDED from AndroidManifest.xml:52:5
	android:label
		ADDED from AndroidManifest.xml:56:9
	android:allowBackup
		ADDED from AndroidManifest.xml:54:9
	android:icon
		ADDED from AndroidManifest.xml:55:9
	android:theme
		ADDED from AndroidManifest.xml:57:9
	android:name
		ADDED from AndroidManifest.xml:53:9
activity#com.yongyida.robot.activity.MainActivity
ADDED from AndroidManifest.xml:58:9
	android:label
		ADDED from AndroidManifest.xml:60:13
	android:name
		ADDED from AndroidManifest.xml:59:13
activity#com.yongyida.robot.activity.LoginActivity
ADDED from AndroidManifest.xml:62:9
	android:screenOrientation
		ADDED from AndroidManifest.xml:65:13
	android:label
		ADDED from AndroidManifest.xml:64:13
	android:windowSoftInputMode
		ADDED from AndroidManifest.xml:66:13
	android:name
		ADDED from AndroidManifest.xml:63:13
activity#com.yongyida.robot.activity.ControlActivity
ADDED from AndroidManifest.xml:68:9
	android:screenOrientation
		ADDED from AndroidManifest.xml:73:13
	android:label
		ADDED from AndroidManifest.xml:70:13
	android:launchMode
		ADDED from AndroidManifest.xml:72:13
	android:theme
		ADDED from AndroidManifest.xml:71:13
	android:name
		ADDED from AndroidManifest.xml:69:13
activity#com.yongyida.robot.activity.MeetingActivity
ADDED from AndroidManifest.xml:76:9
	android:screenOrientation
		ADDED from AndroidManifest.xml:81:13
	android:label
		ADDED from AndroidManifest.xml:78:13
	android:launchMode
		ADDED from AndroidManifest.xml:80:13
	android:theme
		ADDED from AndroidManifest.xml:79:13
	android:name
		ADDED from AndroidManifest.xml:77:13
service#com.yongyida.robot.service.SocketService
ADDED from AndroidManifest.xml:84:9
	android:name
		ADDED from AndroidManifest.xml:84:18
receiver#com.easemob.chat.StartServiceReceiver
ADDED from AndroidManifest.xml:87:9
	android:name
		ADDED from AndroidManifest.xml:87:19
intent-filter#android.intent.action.BOOT_COMPLETED+android.intent.action.QUICKBOOT_POWERON+android.intent.category.LAUNCHER
ADDED from AndroidManifest.xml:88:13
	android:priority
		ADDED from AndroidManifest.xml:88:28
action#android.intent.action.BOOT_COMPLETED
ADDED from AndroidManifest.xml:89:17
	android:name
		ADDED from AndroidManifest.xml:89:25
action#android.intent.action.QUICKBOOT_POWERON
ADDED from AndroidManifest.xml:90:17
	android:name
		ADDED from AndroidManifest.xml:90:25
category#android.intent.category.LAUNCHER
ADDED from AndroidManifest.xml:92:17
	android:name
		ADDED from AndroidManifest.xml:92:27
receiver#com.easemob.chat.EMMonitorReceiver
ADDED from AndroidManifest.xml:95:9
	android:name
		ADDED from AndroidManifest.xml:95:19
intent-filter#android.intent.action.PACKAGE_REMOVED
ADDED from AndroidManifest.xml:96:13
action#android.intent.action.PACKAGE_REMOVED
ADDED from AndroidManifest.xml:97:17
	android:name
		ADDED from AndroidManifest.xml:97:25
data
ADDED from AndroidManifest.xml:99:17
	android:scheme
		ADDED from AndroidManifest.xml:99:23
intent-filter#android.intent.action.BOOT_COMPLETED+android.intent.action.USER_PRESENT
ADDED from AndroidManifest.xml:101:13
action#android.intent.action.USER_PRESENT
ADDED from AndroidManifest.xml:103:17
	android:name
		ADDED from AndroidManifest.xml:103:25
meta-data#EASEMOB_APPKEY
ADDED from AndroidManifest.xml:114:1
	android:value
		ADDED from AndroidManifest.xml:116:13
	android:name
		ADDED from AndroidManifest.xml:115:13
activity#com.yongyida.robot.activity.VideoCallActivity
ADDED from AndroidManifest.xml:119:9
	android:label
		ADDED from AndroidManifest.xml:121:13
	android:name
		ADDED from AndroidManifest.xml:120:13
activity#com.yongyida.robot.activity.HeadSetPlugActivity
ADDED from AndroidManifest.xml:123:10
	android:label
		ADDED from AndroidManifest.xml:125:13
	android:name
		ADDED from AndroidManifest.xml:124:13
activity#com.yongyida.robot.activity.ShowBigImage
ADDED from AndroidManifest.xml:127:9
	android:label
		ADDED from AndroidManifest.xml:129:13
	android:name
		ADDED from AndroidManifest.xml:128:13
activity#com.yongyida.robot.activity.ContextMenu
ADDED from AndroidManifest.xml:131:9
	android:label
		ADDED from AndroidManifest.xml:133:13
	android:name
		ADDED from AndroidManifest.xml:132:13
activity#com.yongyida.robot.activity.UserProfileActivity
ADDED from AndroidManifest.xml:135:9
	android:label
		ADDED from AndroidManifest.xml:137:13
	android:name
		ADDED from AndroidManifest.xml:136:13
activity#com.yongyida.robot.activity.ShowNormalFileActivity
ADDED from AndroidManifest.xml:139:9
	android:label
		ADDED from AndroidManifest.xml:141:13
	android:name
		ADDED from AndroidManifest.xml:140:13
activity#com.yongyida.robot.activity.ShowVideoActivity
ADDED from AndroidManifest.xml:143:9
	android:label
		ADDED from AndroidManifest.xml:145:13
	android:name
		ADDED from AndroidManifest.xml:144:13
activity#com.yongyida.robot.activity.GroupDetailsActivity
ADDED from AndroidManifest.xml:147:9
	android:label
		ADDED from AndroidManifest.xml:149:13
	android:name
		ADDED from AndroidManifest.xml:148:13
activity#com.yongyida.robot.activity.ExitGroupDialog
ADDED from AndroidManifest.xml:151:9
	android:label
		ADDED from AndroidManifest.xml:153:13
	android:name
		ADDED from AndroidManifest.xml:152:13
activity#com.yongyida.robot.activity.SettingActivity
ADDED from AndroidManifest.xml:155:9
	android:screenOrientation
		ADDED from AndroidManifest.xml:158:13
	android:label
		ADDED from AndroidManifest.xml:157:13
	android:name
		ADDED from AndroidManifest.xml:156:13
activity#com.yongyida.robot.activity.ChatActivity
ADDED from AndroidManifest.xml:160:9
	android:screenOrientation
		ADDED from AndroidManifest.xml:163:13
	android:label
		ADDED from AndroidManifest.xml:162:13
	android:name
		ADDED from AndroidManifest.xml:161:13
activity#com.yongyida.robot.activity.ForwardMessageActivity
ADDED from AndroidManifest.xml:165:9
	android:label
		ADDED from AndroidManifest.xml:167:13
	android:name
		ADDED from AndroidManifest.xml:166:13
activity#com.yongyida.robot.activity.ChatRoomDetailsActivity
ADDED from AndroidManifest.xml:169:9
	android:label
		ADDED from AndroidManifest.xml:171:13
	android:name
		ADDED from AndroidManifest.xml:170:13
activity#com.yongyida.robot.activity.ConnectActivity
ADDED from AndroidManifest.xml:173:9
	android:screenOrientation
		ADDED from AndroidManifest.xml:176:13
	android:label
		ADDED from AndroidManifest.xml:175:13
	android:name
		ADDED from AndroidManifest.xml:174:13
activity#com.yongyida.robot.activity.TaskRemindActivity
ADDED from AndroidManifest.xml:178:9
	android:screenOrientation
		ADDED from AndroidManifest.xml:181:13
	android:label
		ADDED from AndroidManifest.xml:180:13
	android:name
		ADDED from AndroidManifest.xml:179:13
activity#com.yongyida.robot.activity.PowerListActivity
ADDED from AndroidManifest.xml:183:9
	android:screenOrientation
		ADDED from AndroidManifest.xml:186:13
	android:label
		ADDED from AndroidManifest.xml:185:13
	android:name
		ADDED from AndroidManifest.xml:184:13
activity#com.yongyida.robot.activity.AddTaskActivity
ADDED from AndroidManifest.xml:188:9
	android:screenOrientation
		ADDED from AndroidManifest.xml:191:13
	android:label
		ADDED from AndroidManifest.xml:190:13
	android:name
		ADDED from AndroidManifest.xml:189:13
activity#com.yongyida.robot.activity.AddressBook
ADDED from AndroidManifest.xml:193:9
	android:screenOrientation
		ADDED from AndroidManifest.xml:196:13
	android:label
		ADDED from AndroidManifest.xml:195:13
	android:name
		ADDED from AndroidManifest.xml:194:13
activity#com.yongyida.robot.activity.PhotoActivity
ADDED from AndroidManifest.xml:198:9
	android:screenOrientation
		ADDED from AndroidManifest.xml:201:13
	android:label
		ADDED from AndroidManifest.xml:200:13
	android:name
		ADDED from AndroidManifest.xml:199:13
activity#com.yongyida.robot.activity.WelComeActivity
ADDED from AndroidManifest.xml:203:9
	android:screenOrientation
		ADDED from AndroidManifest.xml:206:13
	android:label
		ADDED from AndroidManifest.xml:205:13
	android:name
		ADDED from AndroidManifest.xml:204:13
intent-filter#android.intent.action.MAIN+android.intent.category.LAUNCHER
ADDED from AndroidManifest.xml:207:13
action#android.intent.action.MAIN
ADDED from AndroidManifest.xml:208:17
	android:name
		ADDED from AndroidManifest.xml:208:25
activity#com.yongyida.robot.activity.GuideActivity
ADDED from AndroidManifest.xml:213:9
	android:screenOrientation
		ADDED from AndroidManifest.xml:216:13
	android:label
		ADDED from AndroidManifest.xml:215:13
	android:name
		ADDED from AndroidManifest.xml:214:13
activity#com.yongyida.robot.activity.StateActivity
ADDED from AndroidManifest.xml:218:9
	android:screenOrientation
		ADDED from AndroidManifest.xml:221:13
	android:label
		ADDED from AndroidManifest.xml:220:13
	android:name
		ADDED from AndroidManifest.xml:219:13
activity#com.yongyida.robot.activity.AboutActivity
ADDED from AndroidManifest.xml:223:9
	android:screenOrientation
		ADDED from AndroidManifest.xml:226:13
	android:label
		ADDED from AndroidManifest.xml:225:13
	android:name
		ADDED from AndroidManifest.xml:224:13
activity#com.yongyida.robot.activity.BindRobotActivity
ADDED from AndroidManifest.xml:228:9
	android:screenOrientation
		ADDED from AndroidManifest.xml:231:13
	android:label
		ADDED from AndroidManifest.xml:230:13
	android:name
		ADDED from AndroidManifest.xml:229:13
receiver#com.yongyida.robot.broadcastReceiver.SocketErrorReceiver
ADDED from AndroidManifest.xml:234:9
	android:name
		ADDED from AndroidManifest.xml:234:19
intent-filter#socket_error
ADDED from AndroidManifest.xml:235:13
action#socket_error
ADDED from AndroidManifest.xml:236:17
	android:name
		ADDED from AndroidManifest.xml:236:25
service#com.yongyida.robot.service.UpdateService
ADDED from AndroidManifest.xml:240:9
	android:name
		ADDED from AndroidManifest.xml:240:18
activity#com.yongyida.robot.activity.BigImageActivity
ADDED from AndroidManifest.xml:243:9
	android:label
		ADDED from AndroidManifest.xml:245:13
	android:name
		ADDED from AndroidManifest.xml:244:13